2023-04-02 23:21:23.941269 - Initialized conversion of CBT310
2023-04-02 23:21:24.245877 - Received CBT.V504.FILE310.PDS from FILE310.XMI 
2023-04-02 23:21:24.248553 - Found $$$#DATE.txt (text/plain) in CBT.V504.FILE310.PDS, moved to PDS/$$$#DATE
2023-04-02 23:21:24.249654 - Found @FILE310.txt (text/plain) in CBT.V504.FILE310.PDS, moved to PDS/@FILE310
2023-04-02 23:21:24.250863 - Found IHIERM.txt (text/plain) in CBT.V504.FILE310.PDS, moved to PDS/IHIERM
2023-04-02 23:21:24.251935 - Found IHIERR.txt (text/plain) in CBT.V504.FILE310.PDS, moved to PDS/IHIERR
2023-04-02 23:21:24.252985 - Found IHIFDD.txt (text/plain) in CBT.V504.FILE310.PDS, moved to PDS/IHIFDD
2023-04-02 23:21:24.253953 - Found IHIFDI.txt (text/plain) in CBT.V504.FILE310.PDS, moved to PDS/IHIFDI
2023-04-02 23:21:24.254932 - Found IHIFII.txt (text/plain) in CBT.V504.FILE310.PDS, moved to PDS/IHIFII
2023-04-02 23:21:24.256010 - Found IHIFRI.txt (text/plain) in CBT.V504.FILE310.PDS, moved to PDS/IHIFRI
2023-04-02 23:21:24.257041 - Found IHIFRR.txt (text/plain) in CBT.V504.FILE310.PDS, moved to PDS/IHIFRR
2023-04-02 23:21:24.258074 - Found IHIFSA.txt (text/plain) in CBT.V504.FILE310.PDS, moved to PDS/IHIFSA
2023-04-02 23:21:24.259054 - Found IHIGPR.txt (text/plain) in CBT.V504.FILE310.PDS, moved to PDS/IHIGPR
2023-04-02 23:21:24.259951 - Found IHIIAR.txt (text/plain) in CBT.V504.FILE310.PDS, moved to PDS/IHIIAR
2023-04-02 23:21:24.260886 - Found IHIIBA.txt (text/plain) in CBT.V504.FILE310.PDS, moved to PDS/IHIIBA
2023-04-02 23:21:24.261824 - Found IHIIBO.txt (text/plain) in CBT.V504.FILE310.PDS, moved to PDS/IHIIBO
2023-04-02 23:21:24.262803 - Found IHIIDE.txt (text/plain) in CBT.V504.FILE310.PDS, moved to PDS/IHIIDE
2023-04-02 23:21:24.263867 - Found IHIIOR.txt (text/plain) in CBT.V504.FILE310.PDS, moved to PDS/IHIIOR
2023-04-02 23:21:24.265005 - Found IHIISY.txt (text/plain) in CBT.V504.FILE310.PDS, moved to PDS/IHIISY
2023-04-02 23:21:24.265893 - Found IHILAT.txt (text/plain) in CBT.V504.FILE310.PDS, moved to PDS/IHILAT
2023-04-02 23:21:24.266805 - Found IHILEX.txt (text/plain) in CBT.V504.FILE310.PDS, moved to PDS/IHILEX
2023-04-02 23:21:24.268065 - Found IHILLO.txt (text/plain) in CBT.V504.FILE310.PDS, moved to PDS/IHILLO
2023-04-02 23:21:24.269186 - Found IHILOR.txt (text/plain) in CBT.V504.FILE310.PDS, moved to PDS/IHILOR
2023-04-02 23:21:24.270169 - Found IHILSC.txt (text/plain) in CBT.V504.FILE310.PDS, moved to PDS/IHILSC
2023-04-02 23:21:24.271059 - Found IHILSQ.txt (text/plain) in CBT.V504.FILE310.PDS, moved to PDS/IHILSQ
2023-04-02 23:21:24.272053 - Found IHIOAR.txt (text/plain) in CBT.V504.FILE310.PDS, moved to PDS/IHIOAR
2023-04-02 23:21:24.272922 - Found IHIOBA.txt (text/plain) in CBT.V504.FILE310.PDS, moved to PDS/IHIOBA
2023-04-02 23:21:24.273773 - Found IHIOBO.txt (text/plain) in CBT.V504.FILE310.PDS, moved to PDS/IHIOBO
2023-04-02 23:21:24.274599 - Found IHIOIN.txt (text/plain) in CBT.V504.FILE310.PDS, moved to PDS/IHIOIN
2023-04-02 23:21:24.275874 - Found IHIOST.txt (text/plain) in CBT.V504.FILE310.PDS, moved to PDS/IHIOST
2023-04-02 23:21:24.277112 - Found IHIOSY.txt (text/plain) in CBT.V504.FILE310.PDS, moved to PDS/IHIOSY
2023-04-02 23:21:24.278109 - Found IHIOTA.txt (text/plain) in CBT.V504.FILE310.PDS, moved to PDS/IHIOTA
2023-04-02 23:21:24.279096 - Found IHIPTT.txt (text/plain) in CBT.V504.FILE310.PDS, moved to PDS/IHIPTT
2023-04-02 23:21:24.280058 - Found IHISAT.txt (text/plain) in CBT.V504.FILE310.PDS, moved to PDS/IHISAT
2023-04-02 23:21:24.281099 - Found IHISEX.txt (text/plain) in CBT.V504.FILE310.PDS, moved to PDS/IHISEX
2023-04-02 23:21:24.282114 - Found IHISLO.txt (text/plain) in CBT.V504.FILE310.PDS, moved to PDS/IHISLO
2023-04-02 23:21:24.283199 - Found IHISOR.txt (text/plain) in CBT.V504.FILE310.PDS, moved to PDS/IHISOR
2023-04-02 23:21:24.284295 - Found IHISSC.txt (text/plain) in CBT.V504.FILE310.PDS, moved to PDS/IHISSC
2023-04-02 23:21:24.285296 - Found IHISSQ.txt (text/plain) in CBT.V504.FILE310.PDS, moved to PDS/IHISSQ
2023-04-02 23:21:24.286558 - Found IHISYS.txt (text/plain) in CBT.V504.FILE310.PDS, moved to PDS/IHISYS
